Determining if the pthread_create exist failed with the following output:
Change Dir: /home/students/w/wawrpiot/jimp2/cwiczenia/exercises/cmake-build-debug/CMakeFiles/CMakeTmp

Run Build Command:"/usr/bin/make" "cmTC_93bd7/fast"
/usr/bin/make -f CMakeFiles/cmTC_93bd7.dir/build.make CMakeFiles/cmTC_93bd7.dir/build
make[1]: Wejście do katalogu '/home/students/w/wawrpiot/jimp2/cwiczenia/exercises/cmake-build-debug/CMakeFiles/CMakeTmp'
Building C object CMakeFiles/cmTC_93bd7.dir/CheckSymbolExists.c.o
/usr/bin/cc    -o CMakeFiles/cmTC_93bd7.dir/CheckSymbolExists.c.o   -c /home/students/w/wawrpiot/jimp2/cwiczenia/exercises/cmake-build-debug/CMakeFiles/CMakeTmp/CheckSymbolExists.c
Linking C executable cmTC_93bd7
/usr/local/clion-2018.1.1/bin/cmake/bin/cmake -E cmake_link_script CMakeFiles/cmTC_93bd7.dir/link.txt --verbose=1
/usr/bin/cc      -rdynamic CMakeFiles/cmTC_93bd7.dir/CheckSymbolExists.c.o  -o cmTC_93bd7 
CMakeFiles/cmTC_93bd7.dir/CheckSymbolExists.c.o: In function `main':
CheckSymbolExists.c:(.text+0x16): undefined reference to `pthread_create'
collect2: error: ld returned 1 exit status
CMakeFiles/cmTC_93bd7.dir/build.make:97: polecenia dla obiektu 'cmTC_93bd7' nie powiodły się
make[1]: *** [cmTC_93bd7] Błąd 1
make[1]: Opuszczenie katalogu '/home/students/w/wawrpiot/jimp2/cwiczenia/exercises/cmake-build-debug/CMakeFiles/CMakeTmp'
Makefile:126: polecenia dla obiektu 'cmTC_93bd7/fast' nie powiodły się
make: *** [cmTC_93bd7/fast] Błąd 2

File /home/students/w/wawrpiot/jimp2/cwiczenia/exercises/cmake-build-debug/CMakeFiles/CMakeTmp/CheckSymbolExists.c:
/* */
#include <pthread.h>

int main(int argc, char** argv)
{
  (void)argv;
#ifndef pthread_create
  return ((int*)(&pthread_create))[argc];
#else
  (void)argc;
  return 0;
#endif
}

Determining if the function pthread_create exists in the pthreads failed with the following output:
Change Dir: /home/students/w/wawrpiot/jimp2/cwiczenia/exercises/cmake-build-debug/CMakeFiles/CMakeTmp

Run Build Command:"/usr/bin/make" "cmTC_793fe/fast"
/usr/bin/make -f CMakeFiles/cmTC_793fe.dir/build.make CMakeFiles/cmTC_793fe.dir/build
make[1]: Wejście do katalogu '/home/students/w/wawrpiot/jimp2/cwiczenia/exercises/cmake-build-debug/CMakeFiles/CMakeTmp'
Building C object CMakeFiles/cmTC_793fe.dir/CheckFunctionExists.c.o
/usr/bin/cc   -DCHECK_FUNCTION_EXISTS=pthread_create   -o CMakeFiles/cmTC_793fe.dir/CheckFunctionExists.c.o   -c /usr/local/clion-2018.1.1/bin/cmake/share/cmake-3.10/Modules/CheckFunctionExists.c
Linking C executable cmTC_793fe
/usr/local/clion-2018.1.1/bin/cmake/bin/cmake -E cmake_link_script CMakeFiles/cmTC_793fe.dir/link.txt --verbose=1
/usr/bin/cc  -DCHECK_FUNCTION_EXISTS=pthread_create    -rdynamic CMakeFiles/cmTC_793fe.dir/CheckFunctionExists.c.o  -o cmTC_793fe -lpthreads 
/usr/bin/ld: cannot find -lpthreads
collect2: error: ld returned 1 exit status
CMakeFiles/cmTC_793fe.dir/build.make:97: polecenia dla obiektu 'cmTC_793fe' nie powiodły się
make[1]: *** [cmTC_793fe] Błąd 1
make[1]: Opuszczenie katalogu '/home/students/w/wawrpiot/jimp2/cwiczenia/exercises/cmake-build-debug/CMakeFiles/CMakeTmp'
Makefile:126: polecenia dla obiektu 'cmTC_793fe/fast' nie powiodły się
make: *** [cmTC_793fe/fast] Błąd 2


